<?xml version="1.0" encoding="UTF-8"?>
<!-- Generated by org.testng.reporters.JUnitReportReporter -->
<testsuite hostname="LAPTOP-A38V3DO6" failures="0" tests="1" name="runners.TestRunner" time="4.548" errors="1" timestamp="2023-09-12T18:44:57 IST" skipped="0">
  <testcase classname="runners.TestRunner" name="runScenario" time="4.548">
    <error message="Cannot invoke &quot;com.aventstack.extentreports.ExtentTest.pass(com.aventstack.extentreports.markuputils.Markup)&quot; because the return value of &quot;java.lang.ThreadLocal.get()&quot; is null" type="java.lang.NullPointerException">
      <![CDATA[java.lang.NullPointerException: Cannot invoke "com.aventstack.extentreports.ExtentTest.pass(com.aventstack.extentreports.markuputils.Markup)" because the return value of "java.lang.ThreadLocal.get()" is null
at utils.ExtentReporterNG.logPassDetails(ExtentReporterNG.java:45)
at utils.assertResponses.verifyStatusCode(assertResponses.java:63)
at Common.Login.playerLogin(Login.java:47)
at stepdefs.wagerStepDefinitions.user_is_logged_into_the_application(wagerStepDefinitions.java:24)
at ✽.User is logged into the Application(file:///C:/Users/Sanjay%20Prasad/eclipse-workspace/RestAssured_Frame_Final/src/test/resources/Features/Wager.feature:6)
]]>
    </error>
  </testcase> <!-- runScenario -->
  <system-out/>
</testsuite> <!-- runners.TestRunner -->
